main.tsx-4Arvcn_7.js:536 已清除控制台
main.tsx-4Arvcn_7.js:536   POST https://snowflake.qq.com/ola/v2 net::ERR_BLOCKED_BY_CLIENT
(匿名) @ main.tsx-4Arvcn_7.js:536
http @ main.tsx-4Arvcn_7.js:536
R @ main.tsx-4Arvcn_7.js:536
R @ main.tsx-4Arvcn_7.js:536
R @ main.tsx-4Arvcn_7.js:536
R @ main.tsx-4Arvcn_7.js:536
R @ main.tsx-4Arvcn_7.js:536
Promise.then
R @ main.tsx-4Arvcn_7.js:536
Promise.then
R @ main.tsx-4Arvcn_7.js:536
R @ main.tsx-4Arvcn_7.js:536
(匿名) @ main.tsx-4Arvcn_7.js:536
promiseSingleton @ main.tsx-4Arvcn_7.js:536
R @ main.tsx-4Arvcn_7.js:536
R @ main.tsx-4Arvcn_7.js:536
R @ main.tsx-4Arvcn_7.js:536
R @ main.tsx-4Arvcn_7.js:536
(匿名) @ main.tsx-4Arvcn_7.js:546
_o @ styles-4_rtgbb-.js:68
xr @ styles-4_rtgbb-.js:68
(匿名) @ styles-4_rtgbb-.js:68
it @ styles-4_rtgbb-.js:53
_e @ styles-4_rtgbb-.js:53
react-dom.development.js:29895 Download the React DevTools for a better development experience: https://reactjs.org/link/react-devtools
28506.js:1   POST https://mcs.zijieapi.com/list net::ERR_BLOCKED_BY_CLIENT
e.useRequest @ 28506.js:1
e.report @ 28506.js:1
(匿名) @ 28506.js:1
setTimeout
e.reportExposure @ 28506.js:1
e.fechEvent @ 28506.js:1
e.getRealVar @ 28506.js:1
(匿名) @ 28506.js:1
e.fetchComplete @ 28506.js:1
success @ 28506.js:1
p.onload @ 28506.js:1
XMLHttpRequest.send
e.useRequest @ 28506.js:1
e.fetchAB @ 28506.js:1
e.apply @ 28506.js:1
(匿名) @ 28506.js:1
(匿名) @ 28506.js:1
Promise.then
e.init @ 28506.js:1
(匿名) @ 70304.js:1
r @ 70429.js:4
s @ 70429.js:4
Promise.then
r @ 70429.js:4
s @ 70429.js:4
Promise.then
r @ 70429.js:4
s @ 70429.js:4
(匿名) @ 70429.js:4
(匿名) @ 70429.js:4
(匿名) @ content.js:2
r @ 70429.js:4
s @ 70429.js:4
(匿名) @ 70429.js:4
(匿名) @ 70429.js:4
cS @ content.js:2
cy @ content.js:2
t @ 70304.js:1
(匿名) @ 70304.js:1
r @ 70429.js:4
s @ 70429.js:4
Promise.then
r @ 70429.js:4
s @ 70429.js:4
Promise.then
r @ 70429.js:4
s @ 70429.js:4
Promise.then
r @ 70429.js:4
s @ 70429.js:4
Promise.then
r @ 70429.js:4
s @ 70429.js:4
(匿名) @ 70429.js:4
(匿名) @ 70429.js:4
start @ 70304.js:1
cP @ content.js:2
885348 @ content.js:2
n @ content.js:2
(匿名) @ content.js:2
n.O @ content.js:2
(匿名) @ content.js:2
(匿名) @ content.js:2
react-dom.development.js:86  Warning: Extra attributes from the server: fr-bold-1684304371d0
    at h2
    at div
    at div
    at SignUpForm (http://localhost:3000/src/components/auth/SignUpForm.jsx:32:38)
printWarning @ react-dom.development.js:86
error @ react-dom.development.js:60
warnForExtraAttributes @ react-dom.development.js:9585
diffHydratedProperties @ react-dom.development.js:10425
hydrateInstance @ react-dom.development.js:11306
prepareToHydrateHostInstance @ react-dom.development.js:12564
completeWork @ react-dom.development.js:22220
completeUnitOfWork @ react-dom.development.js:26635
performUnitOfWork @ react-dom.development.js:26607
workLoopConcurrent @ react-dom.development.js:26582
renderRootConcurrent @ react-dom.development.js:26544
performConcurrentWorkOnRoot @ react-dom.development.js:25777
workLoop @ scheduler.development.js:266
flushWork @ scheduler.development.js:239
performWorkUntilDeadline @ scheduler.development.js:533
Layout.astro:349  Global error: TypeError: Cannot read properties of null (reading 'mode')
    at SliderCaptcha (index.esm.js:352:17)
    at basicStateReducer (react-dom.development.js:15721:41)
    at updateReducer (react-dom.development.js:15845:22)
    at updateState (react-dom.development.js:16185:10)
    at Object.useState (react-dom.development.js:17096:16)
    at useState (react.development.js:1622:21)
    at SliderCaptchaWrapper.jsx:5:45
    at renderWithHooks (react-dom.development.js:15486:18)
    at updateForwardRef (react-dom.development.js:19245:20)
    at beginWork (react-dom.development.js:21675:16)
(匿名) @ Layout.astro:349
invokeGuardedCallbackDev @ react-dom.development.js:4213
invokeGuardedCallback @ react-dom.development.js:4277
beginWork$1 @ react-dom.development.js:27490
performUnitOfWork @ react-dom.development.js:26596
workLoopSync @ react-dom.development.js:26505
renderRootSync @ react-dom.development.js:26473
performConcurrentWorkOnRoot @ react-dom.development.js:25777
workLoop @ scheduler.development.js:266
flushWork @ scheduler.development.js:239
performWorkUntilDeadline @ scheduler.development.js:533
index.esm.js:352  Uncaught TypeError: Cannot read properties of null (reading 'mode')
    at SliderCaptcha (index.esm.js:352:17)
    at basicStateReducer (react-dom.development.js:15721:41)
    at updateReducer (react-dom.development.js:15845:22)
    at updateState (react-dom.development.js:16185:10)
    at Object.useState (react-dom.development.js:17096:16)
    at useState (react.development.js:1622:21)
    at SliderCaptchaWrapper.jsx:5:45
    at renderWithHooks (react-dom.development.js:15486:18)
    at updateForwardRef (react-dom.development.js:19245:20)
    at beginWork (react-dom.development.js:21675:16)
SliderCaptcha @ index.esm.js:352
basicStateReducer @ react-dom.development.js:15721
updateReducer @ react-dom.development.js:15845
updateState @ react-dom.development.js:16185
useState @ react-dom.development.js:17096
useState @ react.development.js:1622
(匿名) @ SliderCaptchaWrapper.jsx:5
renderWithHooks @ react-dom.development.js:15486
updateForwardRef @ react-dom.development.js:19245
beginWork @ react-dom.development.js:21675
callCallback2 @ react-dom.development.js:4164
invokeGuardedCallbackDev @ react-dom.development.js:4213
invokeGuardedCallback @ react-dom.development.js:4277
beginWork$1 @ react-dom.development.js:27490
performUnitOfWork @ react-dom.development.js:26596
workLoopSync @ react-dom.development.js:26505
renderRootSync @ react-dom.development.js:26473
performConcurrentWorkOnRoot @ react-dom.development.js:25777
workLoop @ scheduler.development.js:266
flushWork @ scheduler.development.js:239
performWorkUntilDeadline @ scheduler.development.js:533
Layout.astro:349  Global error: TypeError: Cannot read properties of null (reading 'mode')
    at SliderCaptcha (index.esm.js:352:17)
    at basicStateReducer (react-dom.development.js:15721:41)
    at updateReducer (react-dom.development.js:15845:22)
    at updateState (react-dom.development.js:16185:10)
    at Object.useState (react-dom.development.js:17096:16)
    at useState (react.development.js:1622:21)
    at SliderCaptchaWrapper.jsx:5:45
    at renderWithHooks (react-dom.development.js:15486:18)
    at updateForwardRef (react-dom.development.js:19245:20)
    at beginWork (react-dom.development.js:21675:16)
(匿名) @ Layout.astro:349
invokeGuardedCallbackDev @ react-dom.development.js:4213
invokeGuardedCallback @ react-dom.development.js:4277
beginWork$1 @ react-dom.development.js:27490
performUnitOfWork @ react-dom.development.js:26596
workLoopSync @ react-dom.development.js:26505
renderRootSync @ react-dom.development.js:26473
recoverFromConcurrentError @ react-dom.development.js:25889
performConcurrentWorkOnRoot @ react-dom.development.js:25789
workLoop @ scheduler.development.js:266
flushWork @ scheduler.development.js:239
performWorkUntilDeadline @ scheduler.development.js:533
index.esm.js:352  Uncaught TypeError: Cannot read properties of null (reading 'mode')
    at SliderCaptcha (index.esm.js:352:17)
    at basicStateReducer (react-dom.development.js:15721:41)
    at updateReducer (react-dom.development.js:15845:22)
    at updateState (react-dom.development.js:16185:10)
    at Object.useState (react-dom.development.js:17096:16)
    at useState (react.development.js:1622:21)
    at SliderCaptchaWrapper.jsx:5:45
    at renderWithHooks (react-dom.development.js:15486:18)
    at updateForwardRef (react-dom.development.js:19245:20)
    at beginWork (react-dom.development.js:21675:16)
SliderCaptcha @ index.esm.js:352
basicStateReducer @ react-dom.development.js:15721
updateReducer @ react-dom.development.js:15845
updateState @ react-dom.development.js:16185
useState @ react-dom.development.js:17096
useState @ react.development.js:1622
(匿名) @ SliderCaptchaWrapper.jsx:5
renderWithHooks @ react-dom.development.js:15486
updateForwardRef @ react-dom.development.js:19245
beginWork @ react-dom.development.js:21675
callCallback2 @ react-dom.development.js:4164
invokeGuardedCallbackDev @ react-dom.development.js:4213
invokeGuardedCallback @ react-dom.development.js:4277
beginWork$1 @ react-dom.development.js:27490
performUnitOfWork @ react-dom.development.js:26596
workLoopSync @ react-dom.development.js:26505
renderRootSync @ react-dom.development.js:26473
recoverFromConcurrentError @ react-dom.development.js:25889
performConcurrentWorkOnRoot @ react-dom.development.js:25789
workLoop @ scheduler.development.js:266
flushWork @ scheduler.development.js:239
performWorkUntilDeadline @ scheduler.development.js:533
react-dom.development.js:18704  The above error occurred in the <ForwardRef> component:

    at http://localhost:3000/src/components/auth/SliderCaptchaWrapper.jsx?t=1768359415266:19:55
    at div
    at div
    at form
    at div
    at _c9 (http://localhost:3000/src/components/ui/Card.jsx:106:12)
    at div
    at _c (http://localhost:3000/src/components/ui/Card.jsx:20:11)
    at div
    at SignUpForm (http://localhost:3000/src/components/auth/SignUpForm.jsx:32:38)

Consider adding an error boundary to your tree to customize error handling behavior.
Visit https://reactjs.org/link/error-boundaries to learn more about error boundaries.
logCapturedError @ react-dom.development.js:18704
update.callback @ react-dom.development.js:18737
callCallback @ react-dom.development.js:15036
commitUpdateQueue @ react-dom.development.js:15057
commitLayoutEffectOnFiber @ react-dom.development.js:23430
commitLayoutMountEffects_complete @ react-dom.development.js:24727
commitLayoutEffects_begin @ react-dom.development.js:24713
commitLayoutEffects @ react-dom.development.js:24651
commitRootImpl @ react-dom.development.js:26862
commitRoot @ react-dom.development.js:26721
finishConcurrentRender @ react-dom.development.js:25931
performConcurrentWorkOnRoot @ react-dom.development.js:25848
workLoop @ scheduler.development.js:266
flushWork @ scheduler.development.js:239
performWorkUntilDeadline @ scheduler.development.js:533
Layout.astro:349  Global error: TypeError: Cannot read properties of null (reading 'mode')
    at SliderCaptcha (index.esm.js:352:17)
    at basicStateReducer (react-dom.development.js:15721:41)
    at updateReducer (react-dom.development.js:15845:22)
    at updateState (react-dom.development.js:16185:10)
    at Object.useState (react-dom.development.js:17096:16)
    at useState (react.development.js:1622:21)
    at SliderCaptchaWrapper.jsx:5:45
    at renderWithHooks (react-dom.development.js:15486:18)
    at updateForwardRef (react-dom.development.js:19245:20)
    at beginWork (react-dom.development.js:21675:16)
(匿名) @ Layout.astro:349
react-dom.development.js:26962  Uncaught TypeError: Cannot read properties of null (reading 'mode')
    at SliderCaptcha (index.esm.js:352:17)
    at basicStateReducer (react-dom.development.js:15721:41)
    at updateReducer (react-dom.development.js:15845:22)
    at updateState (react-dom.development.js:16185:10)
    at Object.useState (react-dom.development.js:17096:16)
    at useState (react.development.js:1622:21)
    at SliderCaptchaWrapper.jsx:5:45
    at renderWithHooks (react-dom.development.js:15486:18)
    at updateForwardRef (react-dom.development.js:19245:20)
    at beginWork (react-dom.development.js:21675:16)
SliderCaptcha @ index.esm.js:352
basicStateReducer @ react-dom.development.js:15721
updateReducer @ react-dom.development.js:15845
updateState @ react-dom.development.js:16185
useState @ react-dom.development.js:17096
useState @ react.development.js:1622
(匿名) @ SliderCaptchaWrapper.jsx:5
renderWithHooks @ react-dom.development.js:15486
updateForwardRef @ react-dom.development.js:19245
beginWork @ react-dom.development.js:21675
beginWork$1 @ react-dom.development.js:27465
performUnitOfWork @ react-dom.development.js:26596
workLoopSync @ react-dom.development.js:26505
renderRootSync @ react-dom.development.js:26473
recoverFromConcurrentError @ react-dom.development.js:25889
performConcurrentWorkOnRoot @ react-dom.development.js:25789
workLoop @ scheduler.development.js:266
flushWork @ scheduler.development.js:239
performWorkUntilDeadline @ scheduler.development.js:533
